<?xml version="1.0" encoding="UTF-8"?>
<testng-results ignored="0" total="3" passed="3" failed="0" skipped="0">
  <reporter-output>
  </reporter-output>
  <suite started-at="2024-09-28T16:43:42 IST" name="Swag Lab Automation Testing" finished-at="2024-09-28T16:44:20 IST" duration-ms="37667">
    <groups>
      <group name="cucumber">
        <method signature="AbstractTestNGCucumberTests.runScenario(io.cucumber.testng.PickleWrapper,io.cucumber.testng.FeatureWrapper)[pri:0, instance:TestRunner@3e08ff24]" name="runScenario" class="io.cucumber.testng.AbstractTestNGCucumberTests"/>
      </group> <!-- cucumber -->
    </groups>
    <test started-at="2024-09-28T16:43:42 IST" name="ChromeTest" finished-at="2024-09-28T16:44:20 IST" duration-ms="37667">
      <class name="TestRunner">
        <test-method is-config="true" signature="setUpClass(org.testng.ITestContext)[pri:0, instance:TestRunner@3e08ff24]" started-at="2024-09-28T16:43:43 IST" name="setUpClass" finished-at="2024-09-28T16:43:43 IST" duration-ms="199" status="PASS">
          <params>
            <param index="0">
              <value>
                <![CDATA[org.testng.TestRunner@78b41097]]>
              </value>
            </param>
          </params>
          <reporter-output>
          </reporter-output>
        </test-method> <!-- setUpClass -->
        <test-method signature="runScenario(io.cucumber.testng.PickleWrapper,io.cucumber.testng.FeatureWrapper)[pri:0, instance:TestRunner@3e08ff24]" started-at="2024-09-28T16:43:43 IST" name="runScenario" description="Runs Cucumber Scenarios" data-provider="scenarios" finished-at="2024-09-28T16:43:53 IST" duration-ms="9864" status="PASS">
          <params>
            <param index="0">
              <value>
                <![CDATA["Login to Swag Labs portal successfully"]]>
              </value>
            </param>
            <param index="1">
              <value>
                <![CDATA["Swag Lab Online shopping automation"]]>
              </value>
            </param>
          </params>
          <reporter-output>
          </reporter-output>
        </test-method> <!-- runScenario -->
        <test-method signature="runScenario(io.cucumber.testng.PickleWrapper,io.cucumber.testng.FeatureWrapper)[pri:0, instance:TestRunner@3e08ff24]" started-at="2024-09-28T16:43:53 IST" name="runScenario" description="Runs Cucumber Scenarios" data-provider="scenarios" finished-at="2024-09-28T16:44:05 IST" duration-ms="12646" status="PASS">
          <params>
            <param index="0">
              <value>
                <![CDATA["Add products to cart"]]>
              </value>
            </param>
            <param index="1">
              <value>
                <![CDATA["Swag Lab Online shopping automation"]]>
              </value>
            </param>
          </params>
          <reporter-output>
          </reporter-output>
        </test-method> <!-- runScenario -->
        <test-method signature="runScenario(io.cucumber.testng.PickleWrapper,io.cucumber.testng.FeatureWrapper)[pri:0, instance:TestRunner@3e08ff24]" started-at="2024-09-28T16:44:05 IST" name="runScenario" description="Runs Cucumber Scenarios" data-provider="scenarios" finished-at="2024-09-28T16:44:20 IST" duration-ms="14917" status="PASS">
          <params>
            <param index="0">
              <value>
                <![CDATA["Place order"]]>
              </value>
            </param>
            <param index="1">
              <value>
                <![CDATA["Swag Lab Online shopping automation"]]>
              </value>
            </param>
          </params>
          <reporter-output>
          </reporter-output>
        </test-method> <!-- runScenario -->
        <test-method is-config="true" signature="tearDownClass()[pri:0, instance:TestRunner@3e08ff24]" started-at="2024-09-28T16:44:20 IST" name="tearDownClass" finished-at="2024-09-28T16:44:20 IST" duration-ms="1" status="PASS">
          <reporter-output>
          </reporter-output>
        </test-method> <!-- tearDownClass -->
      </class> <!-- TestRunner -->
    </test> <!-- ChromeTest -->
  </suite> <!-- Swag Lab Automation Testing -->
</testng-results>
